<?xml version="1.0" encoding="UTF-8"?>
<testsuite name="MinesweeperTest" tests="1" skipped="0" failures="0" errors="0" timestamp="2020-03-14T18:54:57" hostname="Principals-MBP" time="1.216">
  <properties/>
  <testcase name="start" classname="MinesweeperTest" time="1.216"/>
  <system-out><![CDATA[?[1;31m
Start test 1?[0m
How many mines do you want on the field? >1
.........
....X....
.........
.........
.........
.........
.........
.........
.........
?[1;31m
Start test 2?[0m
How many mines do you want on the field? >1
.........
.........
..X......
.........
.........
.........
.........
.........
.........
?[1;31m
Start test 3?[0m
How many mines do you want on the field? >2
.........
.........
.........
.........
.......X.
.........
.........
......X..
.........
?[1;31m
Start test 4?[0m
How many mines do you want on the field? >2
...X...X.
.........
.........
.........
.........
.........
.........
.........
.........
?[1;31m
Start test 5?[0m
How many mines do you want on the field? >3
.........
.X.......
.........
.......X.
.........
.........
.........
..X......
.........
?[1;31m
Start test 6?[0m
How many mines do you want on the field? >3
.........
.........
.........
.X.......
.......X.
.........
.....X...
.........
.........
?[1;31m
Start test 7?[0m
How many mines do you want on the field? >4
.........
.........
.........
.........
.XX....X.
.........
...X.....
.........
.........
?[1;31m
Start test 8?[0m
How many mines do you want on the field? >4
X...XX...
.........
.........
.........
.........
.........
...X.....
.........
.........
?[1;31m
Start test 9?[0m
How many mines do you want on the field? >5
.........
.X.......
.X.......
.........
.........
.........
X.....X..
....X....
.........
?[1;31m
Start test 10?[0m
How many mines do you want on the field? >5
....X....
X........
.........
.........
.........
..X......
......X..
..X......
.........
?[1;31m
Start test 11?[0m
How many mines do you want on the field? >6
..X...X..
.........
.........
.......X.
...X.....
....X....
.........
.....X...
.........
?[1;31m
Start test 12?[0m
How many mines do you want on the field? >6
.X...X...
.........
.........
XX.......
.....X...
.........
....X....
.........
.........
?[1;31m
Start test 13?[0m
How many mines do you want on the field? >7
.........
...X.....
X........
.........
X........
..X....X.
.X.......
X........
.........
?[1;31m
Start test 14?[0m
How many mines do you want on the field? >7
.........
.X...XXX.
.....X...
.........
......X..
.........
.........
X........
.........
?[1;31m
Start test 15?[0m
How many mines do you want on the field? >8
....X....
...X.....
X........
...X.....
.........
......X..
.......X.
X......X.
.........
?[1;31m
Start test 16?[0m
How many mines do you want on the field? >8
.........
.X.......
......X..
.......X.
....XX...
....X....
.X.......
X........
.........
?[1;31m
Start test 17?[0m
How many mines do you want on the field? >9
.........
.......X.
.........
X...X.X..
.XX......
.......X.
...XX....
.........
.........
?[1;31m
Start test 18?[0m
How many mines do you want on the field? >9
....X....
.......X.
.........
.........
.....X...
....X....
.X.XX..X.
...X.....
.........
?[1;31m
Start test 19?[0m
How many mines do you want on the field? >10
.....X...
.X.......
.........
.........
.........
X..XX....
......XX.
X...XX...
.........
?[1;31m
Start test 20?[0m
How many mines do you want on the field? >10
.........
.........
......XX.
.X.X..X..
..X..X...
.........
...X.....
..X....X.
.........
?[1;31m
Start test 21?[0m
How many mines do you want on the field? >11
X....XXX.
X........
......X..
.....X...
.....X...
.X.......
.........
.....X.X.
.........
?[1;31m
Start test 22?[0m
How many mines do you want on the field? >11
...X.....
..X......
.X.....X.
.........
.....XX..
....X....
.X..X....
....X..X.
.........
?[1;31m
Start test 23?[0m
How many mines do you want on the field? >12
X........
....XX.X.
..XX.....
...X.....
.....X...
.........
.X.....X.
.X.....X.
.........
?[1;31m
Start test 24?[0m
How many mines do you want on the field? >12
.XX......
......X..
..X..XX..
.........
X........
...X.....
XX.......
.X..X....
.........
?[1;31m
Start test 25?[0m
How many mines do you want on the field? >13
.X...X.X.
X........
...X.....
......X..
.X.......
.XX.X....
......X..
X......X.
.........
?[1;31m
Start test 26?[0m
How many mines do you want on the field? >13
.XX..XX..
.....X...
.........
.........
X...X....
......X..
XX.X.....
.....XX..
.........
?[1;31m
Start test 27?[0m
How many mines do you want on the field? >14
..X..XXX.
.........
.X.X.....
.X.......
X.X......
..X...X..
..XX.....
....X....
.........
?[1;31m
Start test 28?[0m
How many mines do you want on the field? >14
X.....XX.
.X...X...
.XX......
..XX.....
..X......
.XX...X..
.........
....X....
.........
?[1;31m
Start test 29?[0m
How many mines do you want on the field? >15
..X..X...
.X.X.X...
.....X...
....X....
...X.....
...XXXX..
.XX..X...
.........
.........
?[1;31m
Start test 30?[0m
How many mines do you want on the field? >15
..X.X....
XX...X...
X........
X.XX.....
....X.X..
X......X.
.......X.
..X......
.........
?[1;31m
Start test 31?[0m
How many mines do you want on the field? >16
.X...X...
..X......
.X.......
XXX......
X........
XX.X.....
.X..XX...
.X.X.....
.........
?[1;31m
Start test 32?[0m
How many mines do you want on the field? >16
..XXX.X..
X...X..X.
..XXX..X.
..X..X...
.........
.....X...
......XX.
.........
.........
?[1;31m
Start test 33?[0m
How many mines do you want on the field? >17
X......X.
.........
X.....X..
.X..XX...
.........
...XXXX..
XX.....X.
...X.X.X.
.........
?[1;31m
Start test 34?[0m
How many mines do you want on the field? >17
.X...X.X.
......X..
......X..
.XX......
.....XX..
XX.......
....X....
...XXXXX.
.........
?[1;31m
Start test 35?[0m
How many mines do you want on the field? >18
.XX......
X.X......
.XX..X.X.
....XX.X.
...X.X...
.X.....X.
..X....X.
......X..
.........
?[1;31m
Start test 36?[0m
How many mines do you want on the field? >18
..X.X.X..
X..X..X..
....X.X..
...X.X...
XXX......
......X..
....X.X..
X..X.....
.........
?[1;31m
Start test 37?[0m
How many mines do you want on the field? >19
X.XX.X.X.
..X.X....
X.X.X....
.........
..X..X.X.
..X......
.X....X..
.XX...X..
.........
?[1;31m
Start test 38?[0m
How many mines do you want on the field? >19
.X..X....
...XX.XX.
..X.XX...
.........
..XX.XX..
.........
X.X.XXX..
.X.......
.........
?[1;31m
Start test 39?[0m
How many mines do you want on the field? >20
..XX.....
.X..XX.X.
X..XX.X..
X.X..XX..
X.X...X..
....X....
.....X...
..X......
.........
?[1;31m
Start test 40?[0m
How many mines do you want on the field? >20
..X.X....
...X.X...
..X....X.
XXXX.X...
X......X.
..X......
...X.XXX.
.X.X.....
.........
?[1;31m
Start test 41?[0m
How many mines do you want on the field? >21
..X..X.X.
...X.....
X.....XX.
X........
..X...X..
XX...X.X.
X.XXX..X.
..XX.....
.........
?[1;31m
Start test 42?[0m
How many mines do you want on the field? >21
...X...X.
XX....XX.
.X...X.X.
X....X.X.
X.X.X.X..
......X..
..X...X..
....X.X..
.........
?[1;31m
Start test 43?[0m
How many mines do you want on the field? >22
X...X....
....X.XX.
.XXXX.X..
X..X.....
XXXX.....
X.X......
..X......
X..X.X...
.........
?[1;31m
Start test 44?[0m
How many mines do you want on the field? >22
.X..X....
.X....X..
X....X...
X.X...X..
XX.XXX...
X....X...
X...X....
.XX..XX..
.........
?[1;31m
Start test 45?[0m
How many mines do you want on the field? >23
.......X.
X......X.
.XX..X...
..XX.....
..X....X.
.XX..XXX.
.X....XX.
XX..XXX..
.........
?[1;31m
Start test 46?[0m
How many mines do you want on the field? >23
.XXX...X.
.........
XX.....X.
...X..XX.
.X.X.X...
XX.X..X..
....X..X.
X.XX..X..
.........
?[1;31m
Start test 47?[0m
How many mines do you want on the field? >24
.X.......
XX.X..X..
X.X.X.X..
...XXXXX.
.XXX..X..
...X...X.
....X.X..
X..X.....
.........
?[1;31m
Start test 48?[0m
How many mines do you want on the field? >24
XXX....X.
...X...X.
.XXX.X.X.
X....X...
X.X.X.X..
.X...X...
...X.X...
...XX..X.
.........
?[1;31m
Start test 49?[0m
How many mines do you want on the field? >25
X.X.XXXX.
X..X...X.
.X.......
X.X......
X..XX....
.X..XXX..
....X.XX.
..XXX....
.........
?[1;31m
Start test 50?[0m
How many mines do you want on the field? >25
XX.XX..X.
X.XXX....
.X..X.X..
....X....
X.XX.X...
XX.X.....
....X..X.
XX.....X.
.........
?[1;31m
Start test 51?[0m
How many mines do you want on the field? >26
.X..XXXX.
...X..X..
X.X...XX.
.XX...X..
X.X..XX..
X..XX.X..
.........
XX..X.X..
.........
?[1;31m
Start test 52?[0m
How many mines do you want on the field? >26
XX.XX..X.
X.XX...X.
.XX..X...
..X.X..X.
....X.X..
.XX....X.
X.X...X..
..X...XX.
.........
?[1;31m
Start test 53?[0m
How many mines do you want on the field? >27
...XXX...
XX.......
.....X.X.
..XX.X.X.
.XX......
XXXXX..X.
XX..XX.X.
..X.X..X.
.........
?[1;31m
Start test 54?[0m
How many mines do you want on the field? >27
.X...X.X.
...XX....
X..XXXXX.
X....X...
...XX.XX.
X.XXXX...
X......X.
.XX....X.
.........
?[1;31m
Start test 55?[0m
How many mines do you want on the field? >28
X...XX...
.X..X....
.XX....X.
X.X.XXXX.
XX.X.X...
.X..XXX..
...X.X...
X...XX.X.
.........
?[1;31m
Start test 56?[0m
How many mines do you want on the field? >28
X..XXX.X.
.........
X.XX...X.
...X.X.X.
...XXX.X.
XX...XXX.
X.....XX.
...X.XXX.
.........
?[1;31m
Start test 57?[0m
How many mines do you want on the field? >29
...X...X.
....XX.X.
XX..XX...
XXXX.X...
...X...X.
..X.X.XX.
XX..XXX..
..XXXX...
.........
?[1;31m
Start test 58?[0m
How many mines do you want on the field? >29
.X...XXX.
XX.......
X.XX...X.
....X....
.XX....X.
XX..XXX..
.XXX.XXX.
X..X..XX.
.........
?[1;31m
Start test 59?[0m
How many mines do you want on the field? >30
.XX......
X.....X..
.X.X.X...
...XX....
XXX....X.
XXX..XXX.
.X.X.XXX.
XXXX.XX..
.........
?[1;31m
Start test 60?[0m
How many mines do you want on the field? >30
XXX...XX.
.X..XXX..
XX..X..X.
.XX...X..
XXX.X..X.
.X...XXX.
.....X.X.
.X.XX....
.........
?[1;31m
Start test 61?[0m
How many mines do you want on the field? >31
...X...X.
..XX..X..
.X.XX.XX.
X..XX....
X...X..X.
.XX..XX..
XXX.X.XX.
XX...XXX.
.........
?[1;31m
Start test 62?[0m
How many mines do you want on the field? >31
.XX.X....
XX.X.XXX.
.XX.X.X..
....X....
XX.X.X.X.
......XX.
X...X..X.
XXXXXXX..
.........
?[1;31m
Start test 63?[0m
How many mines do you want on the field? >32
..X.XXXX.
X.....XX.
XX...XX..
X....XX..
..X...X..
X...XX.X.
..XXX.X..
XXXXXX.X.
.........
?[1;31m
Start test 64?[0m
How many mines do you want on the field? >32
X.X.X..X.
.XXX.X.X.
..X...XX.
X...XXX..
X..X.XXX.
X.XX.XX..
...X..X..
X.X.X..X.
.........
?[1;31m
Start test 65?[0m
How many mines do you want on the field? >33
..XXX..X.
X...X.X..
...XXXXX.
XX.XX..X.
XX.......
X.XXX.X..
X.XXX.X..
X.X...XX.
.........
?[1;31m
Start test 66?[0m
How many mines do you want on the field? >33
XXX..X...
..X.XX...
.X.X..X..
...XX.X..
XXX.X..X.
.XX..XXX.
XX....XX.
XX.XXX.X.
.........
?[1;31m
Start test 67?[0m
How many mines do you want on the field? >34
X..X.XXX.
X..X.....
.XXXX.X..
X..X.XX..
XX.XXX.X.
X...X.X..
XXXX.X...
.XXX.X...
.........
?[1;31m
Start test 68?[0m
How many mines do you want on the field? >34
X.X.XX...
.X.XXX.X.
XXXXXXXX.
X..X...X.
X..X..X..
...X.X.X.
X.X.XXXX.
X.X......
.........
?[1;31m
Start test 69?[0m
How many mines do you want on the field? >35
..X.XXXX.
......XX.
..XXXXXX.
X.X..XX..
.XXX.X...
XX.XX.X..
XX.X...X.
.XX.X.XX.
.........
?[1;31m
Start test 70?[0m
How many mines do you want on the field? >35
.XX.X.XX.
X..XX..X.
XX...X.X.
X.X...XX.
...XX.XX.
..XX..XX.
..XXX.X..
XXXXX..X.
.........
?[1;31m
Start test 71?[0m
How many mines do you want on the field? >36
.XX.XXXX.
..X.X.XX.
XX.X...X.
XXXXX.X..
XXX.X.XX.
.....X.X.
XXX......
XXX..XX..
.........
?[1;31m
Start test 72?[0m
How many mines do you want on the field? >36
X.X.XX.X.
.X.X.XXX.
XX..X..X.
X.XXXXXX.
XX..XX.X.
....X..X.
..X..X...
XXXX.XX..
.........
?[1;31m
Start test 73?[0m
How many mines do you want on the field? >37
...XXX.X.
..XX.XXX.
X...XXX..
X...XXX..
.XXX..XX.
X.XXXX.X.
.XX.X..X.
XX.X..XX.
.........
?[1;31m
Start test 74?[0m
How many mines do you want on the field? >37
X...X.XX.
...X.X.X.
.XXXX.XX.
XX.XXX.X.
XXXXXX...
XXXXXX...
.XX.XX...
....XX...
.........
?[1;31m
Start test 75?[0m
How many mines do you want on the field? >38
XX.X.XX..
XX.XX..X.
X..XX..X.
X..X.X...
X...X.XX.
XX.XX....
XXXXX.XX.
XXXX.XX..
.........
?[1;31m
Start test 76?[0m
How many mines do you want on the field? >38
X.XXX.X..
XX.XXX...
XX..XX.X.
XXXX.....
XX.....X.
XX.XXX...
.X.XXXX..
XX..XXXX.
.........
?[1;31m
Start test 77?[0m
How many mines do you want on the field? >39
XXXXX....
XXXX.XX..
XXX..XXX.
..XX.X.X.
X.XX.X.X.
XX..X..X.
X.XX..XX.
.X..XX.X.
.........
?[1;31m
Start test 78?[0m
How many mines do you want on the field? >39
.X.XXXXX.
.X.X.X...
..X.XXX..
XX.X...X.
.XXX.XX..
XX.X..XX.
XXX.XXXX.
XX.XX..X.
.........
?[1;31m
Start test 79?[0m
How many mines do you want on the field? >40
X...XXX..
X.XX..X..
XXXXX....
.X.XX..X.
XXX.X....
..XXXXXX.
XX..XX.X.
XXXXXXXX.
.........
?[1;31m
Start test 80?[0m
How many mines do you want on the field? >40
.XX...XX.
XX.XX.XX.
X.X.XXXX.
.XXX..XX.
X.XX.X...
XXXXXX.X.
.X.X.X...
.XXX.XX..
.........
?[1;31m
Start test 81?[0m
How many mines do you want on the field? >41
XXXXX....
...XXX...
.X....XX.
XX.XXXXX.
..X..XX..
XXXXXX...
XX.XX.XX.
XXXXXXXX.
.........
?[1;31m
Start test 82?[0m
How many mines do you want on the field? >41
.X.XXXXX.
.X.XXXX..
XXXX.XXX.
..X.XXX..
.X.XXXX..
XX..X.XX.
XXXXXX...
XX.X.....
.........
?[1;31m
Start test 83?[0m
How many mines do you want on the field? >42
X.X.XXXX.
XX.XXX...
X.XXXXX..
..X.XXXX.
XXXXX.XX.
XX..XX...
.XX..XXX.
X...XX.X.
.........
?[1;31m
Start test 84?[0m
How many mines do you want on the field? >42
.....XXX.
XXXX.XXX.
X.XXXX.X.
X..X.XXX.
..XX..XX.
XXX.XXX..
.X.XXXXX.
.XXXX..X.
.........
?[1;31m
Start test 85?[0m
How many mines do you want on the field? >43
.XXX.XXX.
....X..X.
XXXX..XX.
XXX.XXX..
..XXXXXX.
X.X...XX.
X.XXX.X..
XXXXXXXX.
.........
?[1;31m
Start test 86?[0m
How many mines do you want on the field? >43
XXX..XX..
.XXX.XX..
.X.X...X.
XXX.XXXX.
X.XXX.X..
XXX.XXXX.
.XXXXXX..
XX..X.XX.
.........
?[1;31m
Start test 87?[0m
How many mines do you want on the field? >44
XX.XXX.X.
XXXXXXX..
XX.XXXX..
.X.X.XXX.
XXXXX.XX.
X.XX..X..
X.X....X.
X.XXXXX..
.........
?[1;31m
Start test 88?[0m
How many mines do you want on the field? >44
XXXXXX...
X.XXXXX..
..XXX....
XXXXXXXX.
X.X..XXX.
XX.XX..X.
X..XXX...
XXXXX.XX.
.........
?[1;31m
Start test 89?[0m
How many mines do you want on the field? >45
X.XXXX...
XXXXX.XX.
X..X.XX..
XXXXXX.X.
.XXXXXX..
.X.X.XXX.
XX...X.X.
XXXXXX.X.
.........
?[1;31m
Start test 90?[0m
How many mines do you want on the field? >45
XX.X.XXX.
.XXXXX.X.
..XXXXXX.
.X.XX.XX.
.XX.X.XX.
XXX.XX.X.
X.XXXX.X.
.XX.X.XX.
.........
?[1;31m
Start test 91?[0m
How many mines do you want on the field? >46
XXX..XX..
XX.XXXXX.
.XX.XXXX.
X.XXX.XX.
XXXX.XXX.
.XXXXXXX.
.XXX.X...
.X.XX.X..
.........
?[1;31m
Start test 92?[0m
How many mines do you want on the field? >46
.XXXXXX..
XXXXX..X.
..X.XXXX.
X.XXXX...
XXX.X.X..
XXXX.XXX.
X...XXXX.
XXXXX.XX.
.........
?[1;31m
Start test 93?[0m
How many mines do you want on the field? >47
X.XXXX.X.
XXXX.XX..
..XXXXX..
XXXXXXXX.
..X.XX.X.
XXXX.XX..
XXX.XXX..
X.XX.XXX.
.........
?[1;31m
Start test 94?[0m
How many mines do you want on the field? >47
XXXXXXXX.
XXX..XX..
X.XXX..X.
XXXXXXX..
XXXXX.XX.
.X.XXX.X.
XXXXX.XX.
...XX.X..
.........
?[1;31m
Start test 95?[0m
How many mines do you want on the field? >48
XXX.X..X.
X.X.XXXX.
XXXXX.XX.
XXXXXXX..
X.XX.XXX.
..XXXXX..
XX.XX..X.
XXX.XXXX.
.........
?[1;31m
Start test 96?[0m
How many mines do you want on the field? >48
.XX.X....
X.X.XXXX.
XX.XXXXX.
XX.XXXXX.
.XXX.XXX.
.XX..XXX.
XXXXXXXX.
.XXXXXX..
.........
?[1;31m
Start test 97?[0m
How many mines do you want on the field? >49
X.XXX.XX.
XXXXX.XX.
X.XXXXX..
X.XX.XXX.
XXXXXX.X.
X..XXXXX.
X.X.X.X..
.XXXXXXX.
.........
?[1;31m
Start test 98?[0m
How many mines do you want on the field? >49
XXXX.XXX.
X.XXX.XX.
XXX.XXX..
X...XXXX.
XXXXXX...
XXXXXX.X.
X.XX.X.X.
XX.XXXXX.
.........
?[1;31m
Start test 99?[0m
How many mines do you want on the field? >50
.XXXXXX..
XXXXXXXX.
XXXX.XX..
XXXXX..X.
XXXX.XX..
XX.X.XXX.
XX.X.XXX.
XXX.XX.X.
.........
?[1;31m
Start test 100?[0m
How many mines do you want on the field? >50
XXXXX.XX.
XXXXXXXX.
X.XXXX...
XX.XXXXX.
.XXXXXXX.
XXXX.XXX.
XXXXXXX..
.XX......
.........
]]></system-out>
  <system-err><![CDATA[]]></system-err>
</testsuite>
