<?xml version="1.0" encoding="UTF-8"?>
<testsuite name="MinesweeperTest" tests="1" skipped="0" failures="0" errors="0" timestamp="2020-03-14T19:50:46" hostname="Principals-MBP" time="1.007">
  <properties/>
  <testcase name="start" classname="MinesweeperTest" time="1.007"/>
  <system-out><![CDATA[?[1;31m
Start test 1?[0m
How many mines do you want on the field? >1
.........
.........
.........
.........
.........
.....111.
.....1X1.
.....111.
.........
?[1;31m
Start test 2?[0m
How many mines do you want on the field? >1
.........
.........
.........
.........
.....111.
.....1X1.
.....111.
.........
.........
?[1;31m
Start test 3?[0m
How many mines do you want on the field? >2
.........
.........
111......
1X1......
111111...
...1X1...
...111...
.........
.........
?[1;31m
Start test 4?[0m
How many mines do you want on the field? >2
.........
.........
.........
....111..
....1X1..
.111111..
.1X1.....
.111.....
.........
?[1;31m
Start test 5?[0m
How many mines do you want on the field? >3
.....1X1.
.111.111.
.1X1.....
.111.....
.........
.........
.....111.
.....1X1.
.....111.
?[1;31m
Start test 6?[0m
How many mines do you want on the field? >3
.........
.........
..111....
..1X1....
..111....
.111111..
.1X11X1..
.111111..
.........
?[1;31m
Start test 7?[0m
How many mines do you want on the field? >4
......1X1
......111
....111..
....1X1..
....11211
..111.1X1
..1X1.111
..111....
.........
?[1;31m
Start test 8?[0m
How many mines do you want on the field? >4
...2XX1..
...2X31..
...111...
....111..
....1X1..
....111..
.........
.........
.........
?[1;31m
Start test 9?[0m
How many mines do you want on the field? >5
1X1..1X1.
111..111.
.........
...111...
...1X1...
..1221...
..1X1111.
..1111X1.
.....111.
?[1;31m
Start test 10?[0m
How many mines do you want on the field? >5
.........
.........
...111...
..12X1...
..1X21...
..22311..
111X2X1..
X111211..
11.......
?[1;31m
Start test 11?[0m
How many mines do you want on the field? >6
11.......
X1.......
11...111.
.....1X1.
.1111221.
.1X22X1..
122X211..
X1111....
11.......
?[1;31m
Start test 12?[0m
How many mines do you want on the field? >6
...112X21
...1X22X1
...222111
...1X211.
11.112X1.
X1...111.
11.......
.........
.........
?[1;31m
Start test 13?[0m
How many mines do you want on the field? >7
1X1......
1121211..
..2X4X31.
..2X4XX1.
..112221.
..111....
..1X1....
..111....
.........
?[1;31m
Start test 14?[0m
How many mines do you want on the field? >7
1X1......
221......
X1...1221
11...2XX1
.....3X41
.....2X2.
....1221.
....1X1..
....111..
?[1;31m
Start test 15?[0m
How many mines do you want on the field? >8
..1X1.1X1
11211.111
1X1111...
2211X211.
X1.112X1.
221..111.
1X1111...
1111X1...
...111...
?[1;31m
Start test 16?[0m
How many mines do you want on the field? >8
111...1X1
1X1...111
111...111
......1X1
.111..222
.1X21.1X1
.23X11221
.1X211X1.
.111.111.
?[1;31m
Start test 17?[0m
How many mines do you want on the field? >9
1X1......
11211111.
..1X22X1.
..13X311.
.113X311.
.1X213X31
.111.2XX1
.....1221
.........
?[1;31m
Start test 18?[0m
How many mines do you want on the field? >9
X1.1X211.
11.123X1.
....1X21.
....111..
..111....
112X1....
2X22321..
X211XX1..
11.1221..
?[1;31m
Start test 19?[0m
How many mines do you want on the field? >10
..12X1...
..1X21111
11111.1X1
X1..11211
11..1X1..
11.13431.
X1.1XXX21
11.1233X1
......111
?[1;31m
Start test 20?[0m
How many mines do you want on the field? >10
XX21.....
23X1.....
.111111..
111.1X1..
2X21211..
X33X31...
X22XX1...
111221...
.........
?[1;31m
Start test 21?[0m
How many mines do you want on the field? >11
..111111.
..1X11X1.
..111111.
111.11211
1X213X5X2
222X3XXX2
X11122432
11....1X1
......111
?[1;31m
Start test 22?[0m
How many mines do you want on the field? >11
..12X11X1
..1X21222
..12211X1
...1X2221
232212X1.
XXX1.111.
2322221..
...1XX1..
...1221..
?[1;31m
Start test 23?[0m
How many mines do you want on the field? >12
111......
1X1......
332...111
XX2...1X1
4X3.11211
3X423X21.
3X4XX3X1.
2X322211.
111......
?[1;31m
Start test 24?[0m
How many mines do you want on the field? >12
111.1221.
2X112XX21
X211X44X1
11.112X21
.....1221
1221112X1
1XX22X211
1222X21..
...111...
?[1;31m
Start test 25?[0m
How many mines do you want on the field? >13
.1122X21.
.1X2X3X1.
.11213331
.....1XX1
221..1221
XX2111111
4X32X11X1
X22X21111
11111....
?[1;31m
Start test 26?[0m
How many mines do you want on the field? >13
...13X3X1
...1XX311
..12321..
..1X2211.
1112X2X1.
X32322221
X4XX1.1X1
X3221.111
11.......
?[1;31m
Start test 27?[0m
How many mines do you want on the field? >14
11.1122X1
X112X2X21
221X3311.
X112X1111
11.1123X2
.....1XX3
1211.24X2
X2X1.1X21
1211.111.
?[1;31m
Start test 28?[0m
How many mines do you want on the field? >14
111222X1.
X12XX322.
233X33X2.
X2X212X31
1222112X1
..1X11221
111111X21
X1...12X1
11....111
?[1;31m
Start test 29?[0m
How many mines do you want on the field? >15
..1XX23X2
.13432XX2
.1XX32321
124X5X31.
X13X5XX1.
112X3221.
..11211..
....1X1..
....111..
?[1;31m
Start test 30?[0m
How many mines do you want on the field? >15
12222X1..
X3XX32211
24X4X11X1
1X2211111
221111111
X112X12X2
222X312X2
X12X2.111
11111....
?[1;31m
Start test 31?[0m
How many mines do you want on the field? >16
..1X1....
112222221
2X22X2XX2
X33X223X2
34X321111
XX23X3211
2212XX3X1
...13X311
....111..
?[1;31m
Start test 32?[0m
How many mines do you want on the field? >16
111X3XX21
X112X44X1
11.113X31
...114X3.
1111X3X2.
2X3222221
3X5X2.1X1
2X4X2.111
11211....
?[1;31m
Start test 33?[0m
How many mines do you want on the field? >17
X11232211
122XXX2X1
.2X542211
25XX2.111
XXXX212X1
234322X31
..1X13X3.
..1112X2.
.....111.
?[1;31m
Start test 34?[0m
How many mines do you want on the field? >17
12X1..1X1
1X3221211
222X2X321
X11134XX1
23212XX42
1XX23X5X1
1222X4X31
...113X2.
.....111.
?[1;31m
Start test 35?[0m
How many mines do you want on the field? >18
111111...
1X22X211.
13X313X31
13X213XX2
X4333X5X2
XX2XX3X32
2333223X2
.1X1..2X2
.111..111
?[1;31m
Start test 36?[0m
How many mines do you want on the field? >18
1X12X2111
2333X22X2
1XX3233X2
2322X2X21
X21113331
3X2.12XX1
4X3.1X432
XX2.112X1
221...111
?[1;31m
Start test 37?[0m
How many mines do you want on the field? >19
.1X3211X1
.13XX2332
..2X55XX1
1123XXX31
2X12X4321
X223321X1
122XX2222
.1X4X21X1
.11211111
?[1;31m
Start test 38?[0m
How many mines do you want on the field? >19
X421..111
XXX2123X2
XX43X4XX2
4X23XX321
X212X421.
121212X1.
.2X21221.
.2X21X1..
.111111..
?[1;31m
Start test 39?[0m
How many mines do you want on the field? >20
2X12XX1..
X312X31..
X32322221
24XX22XX1
3XX43X321
XX44X31..
34X4X2...
X22X21...
11111....
?[1;31m
Start test 40?[0m
How many mines do you want on the field? >20
X21111X1.
X53X1111.
XXX321111
3X33X32X1
2222XX211
2X2243311
X34X4X2X1
12XXX2211
.12321...
?[1;31m
Start test 41?[0m
How many mines do you want on the field? >21
122X1.1X1
X3X42.222
24XX212X1
3X655X421
XXXXXXX1.
2334XX42.
122223X1.
1XX1.111.
1221.....
?[1;31m
Start test 42?[0m
How many mines do you want on the field? >21
2X21.1X21
X4X2233X1
2X23XX211
1123X3211
..1X334X2
.1222XXX3
23X2346X3
XX22XX3X2
221122211
?[1;31m
Start test 43?[0m
How many mines do you want on the field? >22
X22X11XX1
2X2111221
221.11211
X3213X3X1
XX3X4X311
X4X4X5421
1224XXXX2
..1X4X5X2
..1121211
?[1;31m
Start test 44?[0m
How many mines do you want on the field? >22
X4XX2XX2.
XX4323X2.
45X112321
XX222X3X1
X411X4X21
X2.13X31.
23323X2..
1XXX211..
12321....
?[1;31m
Start test 45?[0m
How many mines do you want on the field? >23
12X2XX2..
X4345X31.
XX3XX3X21
X54X322X1
X4X422221
25X4X2X1.
1XX52422.
13X3X2X1.
.1121211.
?[1;31m
Start test 46?[0m
How many mines do you want on the field? >23
1X1...2X2
222.125X3
1X222XXX2
35X5X6X41
XXXXX5X2.
34345X31.
X212XX41.
12X23XX1.
.1111221.
?[1;31m
Start test 47?[0m
How many mines do you want on the field? >24
23XX3X2..
XX533X31.
4XX112X1.
X54313331
4XX4X4XX1
XXX5XX321
2324X5311
...2XX2X1
...122211
?[1;31m
Start test 48?[0m
How many mines do you want on the field? >24
2XXXXX1..
X5X54321.
X44X21X1.
13XX3322.
13X4X2X1.
X42434321
X3X4XX3X2
122XX33X2
..1221111
?[1;31m
Start test 49?[0m
How many mines do you want on the field? >25
XX2X1.1X1
333111332
1X21.1XX1
23X323442
2X5XX2XX1
X5XX43331
3XXX33X31
X4X32XXX1
121112321
?[1;31m
Start test 50?[0m
How many mines do you want on the field? >25
XXX3XX2X1
4533X4311
XX334X31.
34XX5XX2.
X44XX5X31
X3X33X3X1
233221322
1X2X1.1X1
11211.111
?[1;31m
Start test 51?[0m
How many mines do you want on the field? >26
X5X43321.
XXXXXXX21
3556X53X1
2XX4X3211
3XX43X1..
X45X311..
4X6X3.111
XXXX2.1X1
23321.111
?[1;31m
Start test 52?[0m
How many mines do you want on the field? >26
.1XX3X2X1
.24X42211
23X4X31..
XX24XX321
3334X5XX2
2X3XX44X2
X34X65X31
X22XXXX2.
11123321.
?[1;31m
Start test 53?[0m
How many mines do you want on the field? >27
X3X3XX321
2X4X45XX1
23X23XX41
2X322XX31
X5X4334X2
X4XXX24X3
24554X3X2
1XXX21211
12321....
?[1;31m
Start test 54?[0m
How many mines do you want on the field? >27
221.13X2.
XX1.1XX31
X31.235X2
12234X6X3
12XXXXXX3
X434445X2
X6X44X421
XXXXXXX1.
23333321.
?[1;31m
Start test 55?[0m
How many mines do you want on the field? >28
X2113X311
X32X5X3X1
X44XX5421
3XX4XXX31
3X644XXX2
3XXX335X2
X45X33X31
2X212XX2.
111.1221.
?[1;31m
Start test 56?[0m
How many mines do you want on the field? >28
2X3X32221
X35XX3XX1
3X6X43X31
3XXX32331
4X7X43XX1
XX5X5XX31
X43X5X52.
X2113XX1.
11..1221.
?[1;31m
Start test 57?[0m
How many mines do you want on the field? >29
X32XXXXX1
X4X5XX531
13X323X21
1333234X2
1XX3XX5X3
234X55XX3
2X44XX5X2
2X3XXX311
1122321..
?[1;31m
Start test 58?[0m
How many mines do you want on the field? >29
X44XX22X1
XXXX5X421
4X745XX1.
2XXX4X52.
12324XX2.
12224XX41
X4XX4XXX1
X4X4X3321
121211...
?[1;31m
Start test 59?[0m
How many mines do you want on the field? >30
X33X22X31
XX4X43XX1
444X4X421
XX224X421
X632X3XX1
XXX445542
5X5XXXXX1
XX33X5X31
22111211.
?[1;31m
Start test 60?[0m
How many mines do you want on the field? >30
X11X3XXX2
2344X46X3
2XXX4X5X2
4X645XX32
XX3XX33X1
444454321
XX3XXXX21
XX33X43X1
221111111
?[1;31m
Start test 61?[0m
How many mines do you want on the field? >31
3XX2XX211
XX43234X2
X5X212XX2
24X43X542
1X4XX4XX1
224XX6542
X24XXXXX2
12XXX5XX2
.12322221
?[1;31m
Start test 62?[0m
How many mines do you want on the field? >31
11.1221..
X223XX321
4X3XX7XX1
XX55XXX41
X7XX56X41
XXXXX5XX2
235X6XXX3
..2X4X5X2
..1121211
?[1;31m
Start test 63?[0m
How many mines do you want on the field? >32
XX2X3X4X2
X544X4XX3
X3XX4X4X2
234X52422
X33X3X4X2
XX2133XX2
X6423X642
XXXX3XXX1
233222321
?[1;31m
Start test 64?[0m
How many mines do you want on the field? >32
3X4X3X421
XXX44XXX1
XXXX44X31
466X3X431
XXX444XX1
5XX4XX421
XXX44X31.
3X4X22X1.
11211111.
?[1;31m
Start test 65?[0m
How many mines do you want on the field? >33
XXX3X4XX2
XX54X5XX2
5XX313X42
XXX3.13X2
36X5213X3
2XXXX34X2
3X6X6XX32
2X32XX4X1
111122211
?[1;31m
Start test 66?[0m
How many mines do you want on the field? >33
1XXX3X421
14X44XXX2
25X43XXX2
XXXX33432
5X64X23X2
XXX34X5X2
X534XXX42
12X3XXXX1
.11223321
?[1;31m
Start test 67?[0m
How many mines do you want on the field? >34
12XX33X31
3X5XX4XX2
XX545X7X3
XXX3XXXX2
XXX45X521
345X5X411
3X5X6X4X1
XX4XX3X21
22222211.
?[1;31m
Start test 68?[0m
How many mines do you want on the field? >34
2XX5XXX1.
X6XXXX41.
XX6X5X421
3XX444XX2
24X4XX6X3
2X35X6XX2
X44XX6X41
2XX33XX2.
12211221.
?[1;31m
Start test 69?[0m
How many mines do you want on the field? >35
.13X33XX2
23XXX5XX3
XX6XXX4X2
4X6XX6532
3X6XXXXX1
X5XX6XX52
X5XX43XX1
13XX21221
.1221....
?[1;31m
Start test 70?[0m
How many mines do you want on the field? >35
2X3XXXX1.
3X56XX631
X5XXXXXX2
XX56XXXX3
XXX5X44X2
X7XX22221
X6X412X2.
2XX2.2X2.
1221.111.
?[1;31m
Start test 71?[0m
How many mines do you want on the field? >36
XXX4XXXX2
XXXX5X5X2
X67X53532
2XXX5XXX2
125X5XXX3
123X435X2
X4X55X422
2XXXXX3X1
123332211
?[1;31m
Start test 72?[0m
How many mines do you want on the field? >36
3XXX43X1.
XXXXXX21.
XX76X4311
XXXX4X5X2
4XX43XXX2
2XX445X42
246XXX4X1
1XXXXX311
1233321..
?[1;31m
Start test 73?[0m
How many mines do you want on the field? >37
.2XXXX3X2
25XX545X2
XXX43XX42
X75X35XX2
XXX34XXX3
4X6X5X7X3
3X7XX4XX3
2XXX33XX2
123211221
?[1;31m
Start test 74?[0m
How many mines do you want on the field? >37
3XXX44X31
XX7XXXXX2
35XXX6XX3
2XXX6X6X3
X5X7XX5X2
14XXX5X32
14X65X4X1
X3X3XX311
1212221..
?[1;31m
Start test 75?[0m
How many mines do you want on the field? >38
XXXX4XXX1
46XXX6X41
XX6X6XX31
XXX4XX6X2
234X6X6X3
124X6X6X3
X3XX6X6X3
13XXX3XX2
.12322221
?[1;31m
Start test 76?[0m
How many mines do you want on the field? >38
XXXXX4XX1
XXXXX4X42
4543345X2
XX322XXX3
4XX5X56X3
2XXXXX5X2
24XXXXX32
1X4X5X4X1
112121211
?[1;31m
Start test 77?[0m
How many mines do you want on the field? >39
XXXX33X2.
X56XX4X31
24XX6X6X2
X5X6XXXX3
X7XX5X7X3
XXX65X5X3
XXXXX34X2
XXX43X211
2321111..
?[1;31m
Start test 78?[0m
How many mines do you want on the field? >39
XXX3113X2
35XX32XX2
X24X5X642
124X7XXX1
23XXXXX41
XX7X7XX41
5XXXX7XX2
XXXXXXXX2
233333321
?[1;31m
Start test 79?[0m
How many mines do you want on the field? >40
X23X4XX31
3X6XX5XX1
4XXXX5542
XXX55XXX2
X76X5X6X3
XXXXX55X2
5XX7XXX31
XXX4XXX2.
23222321.
?[1;31m
Start test 80?[0m
How many mines do you want on the field? >40
XX213XXX2
4X44XX7X2
X6XXXXX42
XXX546XX1
5XX32XX41
XX6X45X41
X6XXX6XX2
XX34XXXX2
221123321
?[1;31m
Start test 81?[0m
How many mines do you want on the field? >41
.2X3XXXX2
25X55X8X3
XXX5XXXX2
X75XXXX41
XXX5XXX41
X65X6XXX2
XX5XX57X3
3XX33XXX2
122112321
?[1;31m
Start test 82?[0m
How many mines do you want on the field? >41
XX3XX32X1
X5X5X5X31
3X4X4XX41
4X536XXX2
XX6XXX7X3
XXXXX7XX2
XXXXXXX52
24X5X5XX1
.11212221
?[1;31m
Start test 83?[0m
How many mines do you want on the field? >42
2X4XXX4X2
3XX6X6XX3
X6XX5XXX2
X6X6XXX52
4XXX46XX1
XX76X6X52
XXXXXXXX2
3XX5X44X2
122211111
?[1;31m
Start test 84?[0m
How many mines do you want on the field? >42
123X34XX1
3XX6XXX41
XXXXX8X41
XX66XXXX2
XX5XX8XX3
XX7XXXXX3
4XXXXX6X2
2X5X43X21
11211111.
?[1;31m
Start test 85?[0m
How many mines do you want on the field? >43
X4XXX4XX1
XX5X7XX52
X56XXXXX2
2XXX667X3
36X5XXXX3
XXX44XXX3
XXX43XXX3
XXX3X34X2
232211111
?[1;31m
Start test 86?[0m
How many mines do you want on the field? >43
XX33XXXX1
35XX7XX31
2XXXXX52.
X6XXXXX31
X6XX77XX2
X5XXXXXX2
24XXXXX41
X23XXXX2.
11123321.
?[1;31m
Start test 87?[0m
How many mines do you want on the field? >44
XXXXXXXX1
XX8XX7531
XXXXXXX21
XXXXX65X2
XXXXX5XX3
X6X7X7XX2
25X5XXX31
X3X33X31.
1211111..
?[1;31m
Start test 88?[0m
How many mines do you want on the field? >44
XXXXXX311
XX7XXX5X2
4X7XX6XX3
3XXXXX7X3
3XXXXXXX3
X6X5XXXX2
XX334X742
X4X12XXX1
121112321
?[1;31m
Start test 89?[0m
How many mines do you want on the field? >45
XX34XXXX2
X6XXX7XX3
4XX7X6XX2
XXXX5XX52
5X7X5XXX1
XXX6X7X41
XXXXXXX41
24XX5XXX1
.12222321
?[1;31m
Start test 90?[0m
How many mines do you want on the field? >45
24X5XXXX2
XXXXXXXX3
XXXX557X3
X5555XXX3
24XXXXXX2
X5XXX6542
4XXXX5XX2
XXXXX4XX2
233322221
?[1;31m
Start test 91?[0m
How many mines do you want on the field? >46
XXXX5XX31
XXXXXXXX1
XX8XX6X31
4XXXX6431
4X8XXXXX1
XXXX6XX52
XXX44XXX2
X5X22XXX2
121112321
?[1;31m
Start test 92?[0m
How many mines do you want on the field? >46
2XXX4X5X2
X5XX6XXX3
4X6XX7XX3
XX5XXXXX2
XX66XXX41
XXXXXXX3.
XXXXXXX41
X434X5XX1
11.112221
?[1;31m
Start test 93?[0m
How many mines do you want on the field? >47
X33XXXXX2
XX5XX8XX2
5XX6XXX52
XXXX6XXX2
5XX5XX8X3
XX45XXXX3
46X6XXXX3
XXXXX5XX2
233322221
?[1;31m
Start test 94?[0m
How many mines do you want on the field? >47
XX3XXXX21
X55XXX6X2
XX5XXX7X3
4X6XXXXX3
4X7XXXXX3
XXXXX6XX3
XX7X45XX3
XXX22XXX2
232112321
?[1;31m
Start test 95?[0m
How many mines do you want on the field? >48
X5XX3XX31
XXX7X6XX2
XXXXX6XX2
XXXXX6X52
XXXXX6XX2
XXX8X6XX3
X6XXXX6X2
2X4XXXX21
11223321.
?[1;31m
Start test 96?[0m
How many mines do you want on the field? >48
12XXXXXX2
2X6X6XXX3
4X7X66XX3
XXXXXXXX3
XXXXXXXX3
XXX7XXXX3
XX5XX76X2
XX33XXX21
22112321.
?[1;31m
Start test 97?[0m
How many mines do you want on the field? >49
XXXXXXXX1
47XXXXX52
XXX7X5XX2
XXXX435X3
5XXX5X6X3
XXXX6XXX3
XXX7XXXX3
3XXXX5XX2
123322221
?[1;31m
Start test 98?[0m
How many mines do you want on the field? >49
XX4XXX421
X5XX7XXX2
14XX7XXX3
25XXXXXX3
XXXXXX7X2
X7XXXXX42
XX6XXXXX2
XXX4XXXX2
232223321
?[1;31m
Start test 99?[0m
How many mines do you want on the field? >50
XXXX33XX2
XXXX5XXX2
XXXXX6642
XXXXXXXX2
X77XXXXX3
XXXX6XXX3
47X65XXX3
XXXXX4XX2
233322221
?[1;31m
Start test 100?[0m
How many mines do you want on the field? >50
3XXXXXXX2
XXXX7XXX3
XXXXX7XX3
X6XXXXXX3
25XXXX6X3
X5XXX65X2
4XXXXXX42
XX44XXXX1
221123321
]]></system-out>
  <system-err><![CDATA[]]></system-err>
</testsuite>
