<?xml version="1.0" encoding="UTF-8"?>
<testsuite name="MinesweeperTest" tests="1" skipped="0" failures="0" errors="0" timestamp="2020-03-15T08:03:07" hostname="Principals-MBP" time="0.773">
  <properties/>
  <testcase name="start" classname="MinesweeperTest" time="0.773"/>
  <system-out><![CDATA[?[1;31m
Start test 1?[0m
How many mines do you want on the field? >1

 │123456789│
—│—————————│
1│.........│
2│.........│
3│.........│
4│.........│
5│111......│
6│1.1......│
7│111......│
8│.........│
9│.........│
—│—————————│
Set/delete mines marks (x and y coordinates): >1 2

 │123456789│
—│—————————│
1│.........│
2│*........│
3│.........│
4│.........│
5│111......│
6│1.1......│
7│111......│
8│.........│
9│.........│
—│—————————│
Set/delete mines marks (x and y coordinates): >1 2

 │123456789│
—│—————————│
1│.........│
2│.........│
3│.........│
4│.........│
5│111......│
6│1.1......│
7│111......│
8│.........│
9│.........│
—│—————————│
Set/delete mines marks (x and y coordinates): >2 6

 │123456789│
—│—————————│
1│.........│
2│.........│
3│.........│
4│.........│
5│111......│
6│1*1......│
7│111......│
8│.........│
9│.........│
—│—————————│
Congratulations! You found all mines!
?[1;31m
Start test 2?[0m
How many mines do you want on the field? >1

 │123456789│
—│—————————│
1│.........│
2│.........│
3│..111....│
4│..1.1....│
5│..111....│
6│.........│
7│.........│
8│.........│
9│.........│
—│—————————│
Set/delete mines marks (x and y coordinates): >1 2

 │123456789│
—│—————————│
1│.........│
2│*........│
3│..111....│
4│..1.1....│
5│..111....│
6│.........│
7│.........│
8│.........│
9│.........│
—│—————————│
Set/delete mines marks (x and y coordinates): >1 2

 │123456789│
—│—————————│
1│.........│
2│.........│
3│..111....│
4│..1.1....│
5│..111....│
6│.........│
7│.........│
8│.........│
9│.........│
—│—————————│
Set/delete mines marks (x and y coordinates): >4 4

 │123456789│
—│—————————│
1│.........│
2│.........│
3│..111....│
4│..1*1....│
5│..111....│
6│.........│
7│.........│
8│.........│
9│.........│
—│—————————│
Congratulations! You found all mines!
?[1;31m
Start test 3?[0m
How many mines do you want on the field? >1

 │123456789│
—│—————————│
1│..111....│
2│..1.1....│
3│..111....│
4│.........│
5│.........│
6│.........│
7│.........│
8│.........│
9│.........│
—│—————————│
Set/delete mines marks (x and y coordinates): >1 2

 │123456789│
—│—————————│
1│..111....│
2│*.1.1....│
3│..111....│
4│.........│
5│.........│
6│.........│
7│.........│
8│.........│
9│.........│
—│—————————│
Set/delete mines marks (x and y coordinates): >1 2

 │123456789│
—│—————————│
1│..111....│
2│..1.1....│
3│..111....│
4│.........│
5│.........│
6│.........│
7│.........│
8│.........│
9│.........│
—│—————————│
Set/delete mines marks (x and y coordinates): >4 2

 │123456789│
—│—————————│
1│..111....│
2│..1*1....│
3│..111....│
4│.........│
5│.........│
6│.........│
7│.........│
8│.........│
9│.........│
—│—————————│
Congratulations! You found all mines!
?[1;31m
Start test 4?[0m
How many mines do you want on the field? >1

 │123456789│
—│—————————│
1│.........│
2│.........│
3│.........│
4│11.......│
5│.1.......│
6│11.......│
7│.........│
8│.........│
9│.........│
—│—————————│
Set/delete mines marks (x and y coordinates): >1 2

 │123456789│
—│—————————│
1│.........│
2│*........│
3│.........│
4│11.......│
5│.1.......│
6│11.......│
7│.........│
8│.........│
9│.........│
—│—————————│
Set/delete mines marks (x and y coordinates): >1 2

 │123456789│
—│—————————│
1│.........│
2│.........│
3│.........│
4│11.......│
5│.1.......│
6│11.......│
7│.........│
8│.........│
9│.........│
—│—————————│
Set/delete mines marks (x and y coordinates): >1 5

 │123456789│
—│—————————│
1│.........│
2│.........│
3│.........│
4│11.......│
5│*1.......│
6│11.......│
7│.........│
8│.........│
9│.........│
—│—————————│
Congratulations! You found all mines!
?[1;31m
Start test 5?[0m
How many mines do you want on the field? >1

 │123456789│
—│—————————│
1│.........│
2│.........│
3│.........│
4│.........│
5│.....111.│
6│.....1.1.│
7│.....111.│
8│.........│
9│.........│
—│—————————│
Set/delete mines marks (x and y coordinates): >1 2

 │123456789│
—│—————————│
1│.........│
2│*........│
3│.........│
4│.........│
5│.....111.│
6│.....1.1.│
7│.....111.│
8│.........│
9│.........│
—│—————————│
Set/delete mines marks (x and y coordinates): >1 2

 │123456789│
—│—————————│
1│.........│
2│.........│
3│.........│
4│.........│
5│.....111.│
6│.....1.1.│
7│.....111.│
8│.........│
9│.........│
—│—————————│
Set/delete mines marks (x and y coordinates): >7 6

 │123456789│
—│—————————│
1│.........│
2│.........│
3│.........│
4│.........│
5│.....111.│
6│.....1*1.│
7│.....111.│
8│.........│
9│.........│
—│—————————│
Congratulations! You found all mines!
?[1;31m
Start test 6?[0m
How many mines do you want on the field? >1

 │123456789│
—│—————————│
1│.........│
2│111......│
3│1.1......│
4│111......│
5│.........│
6│.........│
7│.........│
8│.........│
9│.........│
—│—————————│
Set/delete mines marks (x and y coordinates): >1 5

 │123456789│
—│—————————│
1│.........│
2│111......│
3│1.1......│
4│111......│
5│*........│
6│.........│
7│.........│
8│.........│
9│.........│
—│—————————│
Set/delete mines marks (x and y coordinates): >1 5

 │123456789│
—│—————————│
1│.........│
2│111......│
3│1.1......│
4│111......│
5│.........│
6│.........│
7│.........│
8│.........│
9│.........│
—│—————————│
Set/delete mines marks (x and y coordinates): >2 3

 │123456789│
—│—————————│
1│.........│
2│111......│
3│1*1......│
4│111......│
5│.........│
6│.........│
7│.........│
8│.........│
9│.........│
—│—————————│
Congratulations! You found all mines!
?[1;31m
Start test 7?[0m
How many mines do you want on the field? >1

 │123456789│
—│—————————│
1│.........│
2│.........│
3│.........│
4│.........│
5│.........│
6│.........│
7│...111...│
8│...1.1...│
9│...111...│
—│—————————│
Set/delete mines marks (x and y coordinates): >1 2

 │123456789│
—│—————————│
1│.........│
2│*........│
3│.........│
4│.........│
5│.........│
6│.........│
7│...111...│
8│...1.1...│
9│...111...│
—│—————————│
Set/delete mines marks (x and y coordinates): >1 2

 │123456789│
—│—————————│
1│.........│
2│.........│
3│.........│
4│.........│
5│.........│
6│.........│
7│...111...│
8│...1.1...│
9│...111...│
—│—————————│
Set/delete mines marks (x and y coordinates): >5 8

 │123456789│
—│—————————│
1│.........│
2│.........│
3│.........│
4│.........│
5│.........│
6│.........│
7│...111...│
8│...1*1...│
9│...111...│
—│—————————│
Congratulations! You found all mines!
?[1;31m
Start test 8?[0m
How many mines do you want on the field? >1

 │123456789│
—│—————————│
1│.........│
2│.........│
3│.........│
4│.........│
5│....111..│
6│....1.1..│
7│....111..│
8│.........│
9│.........│
—│—————————│
Set/delete mines marks (x and y coordinates): >1 2

 │123456789│
—│—————————│
1│.........│
2│*........│
3│.........│
4│.........│
5│....111..│
6│....1.1..│
7│....111..│
8│.........│
9│.........│
—│—————————│
Set/delete mines marks (x and y coordinates): >1 2

 │123456789│
—│—————————│
1│.........│
2│.........│
3│.........│
4│.........│
5│....111..│
6│....1.1..│
7│....111..│
8│.........│
9│.........│
—│—————————│
Set/delete mines marks (x and y coordinates): >6 6

 │123456789│
—│—————————│
1│.........│
2│.........│
3│.........│
4│.........│
5│....111..│
6│....1*1..│
7│....111..│
8│.........│
9│.........│
—│—————————│
Congratulations! You found all mines!
?[1;31m
Start test 9?[0m
How many mines do you want on the field? >1

 │123456789│
—│—————————│
1│...1.1...│
2│...111...│
3│.........│
4│.........│
5│.........│
6│.........│
7│.........│
8│.........│
9│.........│
—│—————————│
Set/delete mines marks (x and y coordinates): >1 2

 │123456789│
—│—————————│
1│...1.1...│
2│*..111...│
3│.........│
4│.........│
5│.........│
6│.........│
7│.........│
8│.........│
9│.........│
—│—————————│
Set/delete mines marks (x and y coordinates): >1 2

 │123456789│
—│—————————│
1│...1.1...│
2│...111...│
3│.........│
4│.........│
5│.........│
6│.........│
7│.........│
8│.........│
9│.........│
—│—————————│
Set/delete mines marks (x and y coordinates): >5 1

 │123456789│
—│—————————│
1│...1*1...│
2│...111...│
3│.........│
4│.........│
5│.........│
6│.........│
7│.........│
8│.........│
9│.........│
—│—————————│
Congratulations! You found all mines!
?[1;31m
Start test 10?[0m
How many mines do you want on the field? >1

 │123456789│
—│—————————│
1│.........│
2│.........│
3│.........│
4│.........│
5│....111..│
6│....1.1..│
7│....111..│
8│.........│
9│.........│
—│—————————│
Set/delete mines marks (x and y coordinates): >1 2

 │123456789│
—│—————————│
1│.........│
2│*........│
3│.........│
4│.........│
5│....111..│
6│....1.1..│
7│....111..│
8│.........│
9│.........│
—│—————————│
Set/delete mines marks (x and y coordinates): >1 2

 │123456789│
—│—————————│
1│.........│
2│.........│
3│.........│
4│.........│
5│....111..│
6│....1.1..│
7│....111..│
8│.........│
9│.........│
—│—————————│
Set/delete mines marks (x and y coordinates): >6 6

 │123456789│
—│—————————│
1│.........│
2│.........│
3│.........│
4│.........│
5│....111..│
6│....1*1..│
7│....111..│
8│.........│
9│.........│
—│—————————│
Congratulations! You found all mines!
?[1;31m
Start test 11?[0m
How many mines do you want on the field? >5

 │123456789│
—│—————————│
1│......1.1│
2│.111..111│
3│.1.211...│
4│.112.1...│
5│111222...│
6│1.11.1...│
7│111111...│
8│.........│
9│.........│
—│—————————│
Set/delete mines marks (x and y coordinates): >2 6

 │123456789│
—│—————————│
1│......1.1│
2│.111..111│
3│.1.211...│
4│.112.1...│
5│111222...│
6│1*11.1...│
7│111111...│
8│.........│
9│.........│
—│—————————│
Set/delete mines marks (x and y coordinates): >3 3

 │123456789│
—│—————————│
1│......1.1│
2│.111..111│
3│.1*211...│
4│.112.1...│
5│111222...│
6│1*11.1...│
7│111111...│
8│.........│
9│.........│
—│—————————│
Set/delete mines marks (x and y coordinates): >5 4

 │123456789│
—│—————————│
1│......1.1│
2│.111..111│
3│.1*211...│
4│.112*1...│
5│111222...│
6│1*11.1...│
7│111111...│
8│.........│
9│.........│
—│—————————│
Set/delete mines marks (x and y coordinates): >5 6

 │123456789│
—│—————————│
1│......1.1│
2│.111..111│
3│.1*211...│
4│.112*1...│
5│111222...│
6│1*11*1...│
7│111111...│
8│.........│
9│.........│
—│—————————│
Set/delete mines marks (x and y coordinates): >8 1

 │123456789│
—│—————————│
1│......1*1│
2│.111..111│
3│.1*211...│
4│.112*1...│
5│111222...│
6│1*11*1...│
7│111111...│
8│.........│
9│.........│
—│—————————│
Congratulations! You found all mines!
?[1;31m
Start test 12?[0m
How many mines do you want on the field? >5

 │123456789│
—│—————————│
1│.1..1....│
2│.1332....│
3│111.1....│
4│.1111....│
5│221......│
6│1.1......│
7│111......│
8│.........│
9│.........│
—│—————————│
Set/delete mines marks (x and y coordinates): >2 6

 │123456789│
—│—————————│
1│.1..1....│
2│.1332....│
3│111.1....│
4│.1111....│
5│221......│
6│1*1......│
7│111......│
8│.........│
9│.........│
—│—————————│
Set/delete mines marks (x and y coordinates): >4 3

 │123456789│
—│—————————│
1│.1..1....│
2│.1332....│
3│111*1....│
4│.1111....│
5│221......│
6│1*1......│
7│111......│
8│.........│
9│.........│
—│—————————│
Set/delete mines marks (x and y coordinates): >1 4

 │123456789│
—│—————————│
1│.1..1....│
2│.1332....│
3│111*1....│
4│*1111....│
5│221......│
6│1*1......│
7│111......│
8│.........│
9│.........│
—│—————————│
Set/delete mines marks (x and y coordinates): >3 1

 │123456789│
—│—————————│
1│.1*.1....│
2│.1332....│
3│111*1....│
4│*1111....│
5│221......│
6│1*1......│
7│111......│
8│.........│
9│.........│
—│—————————│
Set/delete mines marks (x and y coordinates): >4 1

 │123456789│
—│—————————│
1│.1**1....│
2│.1332....│
3│111*1....│
4│*1111....│
5│221......│
6│1*1......│
7│111......│
8│.........│
9│.........│
—│—————————│
Congratulations! You found all mines!
?[1;31m
Start test 13?[0m
How many mines do you want on the field? >5

 │123456789│
—│—————————│
1│.........│
2│11.......│
3│.2211....│
4│2.2.211..│
5│11212.1..│
6│....111..│
7│..111....│
8│..1.1....│
9│..111....│
—│—————————│
Set/delete mines marks (x and y coordinates): >4 8

 │123456789│
—│—————————│
1│.........│
2│11.......│
3│.2211....│
4│2.2.211..│
5│11212.1..│
6│....111..│
7│..111....│
8│..1*1....│
9│..111....│
—│—————————│
Set/delete mines marks (x and y coordinates): >4 4

 │123456789│
—│—————————│
1│.........│
2│11.......│
3│.2211....│
4│2.2*211..│
5│11212.1..│
6│....111..│
7│..111....│
8│..1*1....│
9│..111....│
—│—————————│
Set/delete mines marks (x and y coordinates): >6 5

 │123456789│
—│—————————│
1│.........│
2│11.......│
3│.2211....│
4│2.2*211..│
5│11212*1..│
6│....111..│
7│..111....│
8│..1*1....│
9│..111....│
—│—————————│
Set/delete mines marks (x and y coordinates): >2 4

 │123456789│
—│—————————│
1│.........│
2│11.......│
3│.2211....│
4│2*2*211..│
5│11212*1..│
6│....111..│
7│..111....│
8│..1*1....│
9│..111....│
—│—————————│
Set/delete mines marks (x and y coordinates): >1 3

 │123456789│
—│—————————│
1│.........│
2│11.......│
3│*2211....│
4│2*2*211..│
5│11212*1..│
6│....111..│
7│..111....│
8│..1*1....│
9│..111....│
—│—————————│
Congratulations! You found all mines!
]]></system-out>
  <system-err><![CDATA[]]></system-err>
</testsuite>
