<?xml version="1.0" encoding="UTF-8"?>
<testsuite name="MinesweeperTest" tests="1" skipped="0" failures="0" errors="0" timestamp="2020-03-14T18:46:12" hostname="Principals-MBP" time="0.099">
  <properties/>
  <testcase name="start" classname="MinesweeperTest" time="0.099"/>
  <system-out><![CDATA[?[1;31m
Start test 1?[0m
.........
......XX.
.....XX..
.........
.....XX..
.X...X...
.........
X....X...
.........
]]></system-out>
  <system-err><![CDATA[]]></system-err>
</testsuite>
